20/08/03 19:48:49 754 [INFO,get_bsec_a_from_log:48] reading logs...
20/08/03 19:48:55 505 [INFO,get_bsec_a_from_log:50] generating bsec_a shld and acct
20/08/03 19:48:55 622 [INFO,calc_twolr_err:13] tensor(0.0027)
20/08/03 19:49:44 456 [INFO,calc_twolr_err:15] tensor(4.)
20/08/03 19:49:56 483 [INFO,get_bsec_a_from_log:48] reading logs...
20/08/03 19:50:02 272 [INFO,get_bsec_a_from_log:50] generating bsec_a shld and acct
20/08/03 19:50:02 381 [INFO,calc_twolr_err:13] tensor(0.0027)
20/08/03 19:51:28 834 [INFO,get_log_lines:28] reading logs from iaqdata.05082...
20/08/03 19:51:34 525 [INFO,get_bsec_a_from_log:50] generating bsec_a shld and acct
20/08/03 19:51:34 633 [INFO,calc_twolr_err:13] 0.002707888139411807
20/08/03 19:52:03 930 [INFO,get_log_lines:28] reading logs from iaqdata.0520...
20/08/03 19:52:11 938 [INFO,get_bsec_a_from_log:50] generating bsec_a shld and acct
20/08/03 19:52:12 093 [INFO,calc_twolr_err:13] 0.006009938661009073
20/08/03 19:53:00 047 [INFO,get_log_lines:28] reading logs from iaqdata.0522...
20/08/03 19:53:03 413 [INFO,get_bsec_a_from_log:50] generating bsec_a shld and acct...
20/08/03 19:53:03 462 [INFO,gen_fake_a_twolr:58] generating bsec_a_twolr...
20/08/03 19:53:03 477 [INFO,calc_twolr_err:13] 0.007131286896765232
20/08/03 19:54:15 375 [INFO,get_log_lines:28] reading logs from iaqdata.0522...
20/08/03 19:54:18 682 [INFO,get_bsec_a_from_log:50] generating bsec_a shld and acct...
20/08/03 19:54:18 732 [INFO,gen_fake_a_twolr:58] generating bsec_a_twolr...
20/08/03 19:54:18 747 [INFO,calc_twolr_err:14] 4222.603515625
20/08/03 19:54:35 226 [INFO,get_log_lines:28] reading logs from iaqdata.0522...
20/08/03 19:54:38 616 [INFO,get_bsec_a_from_log:50] generating bsec_a shld and acct...
20/08/03 19:54:38 666 [INFO,gen_fake_a_twolr:58] generating bsec_a_twolr...
20/08/03 19:54:38 681 [INFO,calc_twolr_err:14] 0.06880117827785381
20/08/03 19:55:01 063 [INFO,get_log_lines:28] reading logs from iaqdata.0520...
20/08/03 19:55:09 096 [INFO,get_bsec_a_from_log:50] generating bsec_a shld and acct...
20/08/03 19:55:09 214 [INFO,gen_fake_a_twolr:58] generating bsec_a_twolr...
20/08/03 19:55:09 249 [INFO,calc_twolr_err:14] 0.06523981053676116
20/08/03 19:55:29 177 [INFO,get_log_lines:28] reading logs from iaqdata.05082...
20/08/03 19:55:34 862 [INFO,get_bsec_a_from_log:50] generating bsec_a shld and acct...
20/08/03 19:55:34 948 [INFO,gen_fake_a_twolr:58] generating bsec_a_twolr...
20/08/03 19:55:34 974 [INFO,calc_twolr_err:14] 0.03967304798995967
